07-31 00:01:02 com_github_MitjaNemec_PlaceFootprints.action_place_footprints 674:Plugin executed on: 'win32'
07-31 00:01:02 com_github_MitjaNemec_PlaceFootprints.action_place_footprints 675:Plugin executed with python version: '3.11.5 (main, Jan 27 2025, 07:08:36) [MSC v.1942 64 bit (AMD64)]'
07-31 00:01:02 com_github_MitjaNemec_PlaceFootprints.action_place_footprints 676:KiCad build version: 9.0.2
07-31 00:01:02 com_github_MitjaNemec_PlaceFootprints.action_place_footprints 677:Plugin version: 4.0.1
07-31 00:01:02 com_github_MitjaNemec_PlaceFootprints.action_place_footprints 678:Frame repr: <wx._core.Frame object at 0x000001E71FF83490>
07-31 00:01:02 com_github_MitjaNemec_PlaceFootprints.place_footprints 121:getting a list of all footprints on board
07-31 00:01:02 com_github_MitjaNemec_PlaceFootprints.place_footprints 156:Footprint SW24 on root level
07-31 00:01:02 com_github_MitjaNemec_PlaceFootprints.place_footprints 156:Footprint SW28 on root level
07-31 00:01:02 com_github_MitjaNemec_PlaceFootprints.place_footprints 156:Footprint SW9 on root level
07-31 00:01:02 com_github_MitjaNemec_PlaceFootprints.place_footprints 156:Footprint SW14 on root level
07-31 00:01:02 com_github_MitjaNemec_PlaceFootprints.place_footprints 156:Footprint SW18 on root level
07-31 00:01:02 com_github_MitjaNemec_PlaceFootprints.place_footprints 156:Footprint SW38 on root level
07-31 00:01:02 com_github_MitjaNemec_PlaceFootprints.place_footprints 156:Footprint SW46 on root level
07-31 00:01:02 com_github_MitjaNemec_PlaceFootprints.place_footprints 156:Footprint SW42 on root level
07-31 00:01:02 com_github_MitjaNemec_PlaceFootprints.place_footprints 156:Footprint SW32 on root level
07-31 00:01:02 com_github_MitjaNemec_PlaceFootprints.place_footprints 156:Footprint SW50 on root level
07-31 00:01:02 com_github_MitjaNemec_PlaceFootprints.place_footprints 156:Footprint SW54 on root level
07-31 00:01:02 com_github_MitjaNemec_PlaceFootprints.place_footprints 156:Footprint SW4 on root level
07-31 00:01:02 com_github_MitjaNemec_PlaceFootprints.place_footprints 156:Footprint SW17 on root level
07-31 00:01:02 com_github_MitjaNemec_PlaceFootprints.place_footprints 156:Footprint SW13 on root level
07-31 00:01:02 com_github_MitjaNemec_PlaceFootprints.place_footprints 156:Footprint SW8 on root level
07-31 00:01:02 com_github_MitjaNemec_PlaceFootprints.place_footprints 156:Footprint SW23 on root level
07-31 00:01:02 com_github_MitjaNemec_PlaceFootprints.place_footprints 156:Footprint SW27 on root level
07-31 00:01:02 com_github_MitjaNemec_PlaceFootprints.place_footprints 156:Footprint SW37 on root level
07-31 00:01:02 com_github_MitjaNemec_PlaceFootprints.place_footprints 156:Footprint SW31 on root level
07-31 00:01:02 com_github_MitjaNemec_PlaceFootprints.place_footprints 156:Footprint SW41 on root level
07-31 00:01:02 com_github_MitjaNemec_PlaceFootprints.place_footprints 156:Footprint SW45 on root level
07-31 00:01:02 com_github_MitjaNemec_PlaceFootprints.place_footprints 156:Footprint SW49 on root level
07-31 00:01:02 com_github_MitjaNemec_PlaceFootprints.place_footprints 156:Footprint SW53 on root level
07-31 00:01:02 com_github_MitjaNemec_PlaceFootprints.place_footprints 156:Footprint SW3 on root level
07-31 00:01:02 com_github_MitjaNemec_PlaceFootprints.place_footprints 156:Footprint Y1 on root level
07-31 00:01:02 com_github_MitjaNemec_PlaceFootprints.place_footprints 156:Footprint VQ1 on root level
07-31 00:01:02 com_github_MitjaNemec_PlaceFootprints.place_footprints 156:Footprint USB1 on root level
07-31 00:01:02 com_github_MitjaNemec_PlaceFootprints.place_footprints 156:Footprint U37 on root level
07-31 00:01:02 com_github_MitjaNemec_PlaceFootprints.place_footprints 156:Footprint U36 on root level
07-31 00:01:02 com_github_MitjaNemec_PlaceFootprints.place_footprints 156:Footprint U35 on root level
07-31 00:01:02 com_github_MitjaNemec_PlaceFootprints.place_footprints 156:Footprint U34 on root level
07-31 00:01:02 com_github_MitjaNemec_PlaceFootprints.place_footprints 156:Footprint U33 on root level
07-31 00:01:02 com_github_MitjaNemec_PlaceFootprints.place_footprints 156:Footprint U32 on root level
07-31 00:01:02 com_github_MitjaNemec_PlaceFootprints.place_footprints 156:Footprint U31 on root level
07-31 00:01:02 com_github_MitjaNemec_PlaceFootprints.place_footprints 156:Footprint U30 on root level
07-31 00:01:02 com_github_MitjaNemec_PlaceFootprints.place_footprints 156:Footprint U29 on root level
07-31 00:01:02 com_github_MitjaNemec_PlaceFootprints.place_footprints 156:Footprint U28 on root level
07-31 00:01:02 com_github_MitjaNemec_PlaceFootprints.place_footprints 156:Footprint U27 on root level
07-31 00:01:02 com_github_MitjaNemec_PlaceFootprints.place_footprints 156:Footprint U26 on root level
07-31 00:01:02 com_github_MitjaNemec_PlaceFootprints.place_footprints 156:Footprint U25 on root level
07-31 00:01:02 com_github_MitjaNemec_PlaceFootprints.place_footprints 156:Footprint U24 on root level
07-31 00:01:02 com_github_MitjaNemec_PlaceFootprints.place_footprints 156:Footprint U23 on root level
07-31 00:01:02 com_github_MitjaNemec_PlaceFootprints.place_footprints 156:Footprint U22 on root level
07-31 00:01:02 com_github_MitjaNemec_PlaceFootprints.place_footprints 156:Footprint U21 on root level
07-31 00:01:02 com_github_MitjaNemec_PlaceFootprints.place_footprints 156:Footprint U20 on root level
07-31 00:01:02 com_github_MitjaNemec_PlaceFootprints.place_footprints 156:Footprint U19 on root level
07-31 00:01:02 com_github_MitjaNemec_PlaceFootprints.place_footprints 156:Footprint U18 on root level
07-31 00:01:02 com_github_MitjaNemec_PlaceFootprints.place_footprints 156:Footprint U17 on root level
07-31 00:01:02 com_github_MitjaNemec_PlaceFootprints.place_footprints 156:Footprint U16 on root level
07-31 00:01:02 com_github_MitjaNemec_PlaceFootprints.place_footprints 156:Footprint U15 on root level
07-31 00:01:02 com_github_MitjaNemec_PlaceFootprints.place_footprints 156:Footprint U14 on root level
07-31 00:01:02 com_github_MitjaNemec_PlaceFootprints.place_footprints 156:Footprint U13 on root level
07-31 00:01:02 com_github_MitjaNemec_PlaceFootprints.place_footprints 156:Footprint U12 on root level
07-31 00:01:02 com_github_MitjaNemec_PlaceFootprints.place_footprints 156:Footprint U11 on root level
07-31 00:01:02 com_github_MitjaNemec_PlaceFootprints.place_footprints 156:Footprint U10 on root level
07-31 00:01:02 com_github_MitjaNemec_PlaceFootprints.place_footprints 156:Footprint U9 on root level
07-31 00:01:02 com_github_MitjaNemec_PlaceFootprints.place_footprints 156:Footprint U8 on root level
07-31 00:01:02 com_github_MitjaNemec_PlaceFootprints.place_footprints 156:Footprint U7 on root level
07-31 00:01:02 com_github_MitjaNemec_PlaceFootprints.place_footprints 156:Footprint U6 on root level
07-31 00:01:02 com_github_MitjaNemec_PlaceFootprints.place_footprints 156:Footprint U5 on root level
07-31 00:01:02 com_github_MitjaNemec_PlaceFootprints.place_footprints 156:Footprint U4 on root level
07-31 00:01:02 com_github_MitjaNemec_PlaceFootprints.place_footprints 156:Footprint U3 on root level
07-31 00:01:02 com_github_MitjaNemec_PlaceFootprints.place_footprints 156:Footprint U2 on root level
07-31 00:01:02 com_github_MitjaNemec_PlaceFootprints.place_footprints 156:Footprint U1 on root level
07-31 00:01:02 com_github_MitjaNemec_PlaceFootprints.place_footprints 156:Footprint SW60 on root level
07-31 00:01:02 com_github_MitjaNemec_PlaceFootprints.place_footprints 156:Footprint SW59 on root level
07-31 00:01:02 com_github_MitjaNemec_PlaceFootprints.place_footprints 156:Footprint SW58 on root level
07-31 00:01:02 com_github_MitjaNemec_PlaceFootprints.place_footprints 156:Footprint SW57 on root level
07-31 00:01:02 com_github_MitjaNemec_PlaceFootprints.place_footprints 156:Footprint SW56 on root level
07-31 00:01:02 com_github_MitjaNemec_PlaceFootprints.place_footprints 156:Footprint SW55 on root level
07-31 00:01:02 com_github_MitjaNemec_PlaceFootprints.place_footprints 156:Footprint SW52 on root level
07-31 00:01:02 com_github_MitjaNemec_PlaceFootprints.place_footprints 156:Footprint SW51 on root level
07-31 00:01:02 com_github_MitjaNemec_PlaceFootprints.place_footprints 156:Footprint SW48 on root level
07-31 00:01:02 com_github_MitjaNemec_PlaceFootprints.place_footprints 156:Footprint SW47 on root level
07-31 00:01:02 com_github_MitjaNemec_PlaceFootprints.place_footprints 156:Footprint SW44 on root level
07-31 00:01:02 com_github_MitjaNemec_PlaceFootprints.place_footprints 156:Footprint SW43 on root level
07-31 00:01:02 com_github_MitjaNemec_PlaceFootprints.place_footprints 156:Footprint SW40 on root level
07-31 00:01:02 com_github_MitjaNemec_PlaceFootprints.place_footprints 156:Footprint SW39 on root level
07-31 00:01:02 com_github_MitjaNemec_PlaceFootprints.place_footprints 156:Footprint SW36 on root level
07-31 00:01:02 com_github_MitjaNemec_PlaceFootprints.place_footprints 156:Footprint SW35 on root level
07-31 00:01:02 com_github_MitjaNemec_PlaceFootprints.place_footprints 156:Footprint SW34 on root level
07-31 00:01:02 com_github_MitjaNemec_PlaceFootprints.place_footprints 156:Footprint SW33 on root level
07-31 00:01:02 com_github_MitjaNemec_PlaceFootprints.place_footprints 156:Footprint SW30 on root level
07-31 00:01:02 com_github_MitjaNemec_PlaceFootprints.place_footprints 156:Footprint SW29 on root level
07-31 00:01:02 com_github_MitjaNemec_PlaceFootprints.place_footprints 156:Footprint SW26 on root level
07-31 00:01:02 com_github_MitjaNemec_PlaceFootprints.place_footprints 156:Footprint SW25 on root level
07-31 00:01:02 com_github_MitjaNemec_PlaceFootprints.place_footprints 156:Footprint SW22 on root level
07-31 00:01:02 com_github_MitjaNemec_PlaceFootprints.place_footprints 156:Footprint SW21 on root level
07-31 00:01:02 com_github_MitjaNemec_PlaceFootprints.place_footprints 156:Footprint SW20 on root level
07-31 00:01:02 com_github_MitjaNemec_PlaceFootprints.place_footprints 156:Footprint SW19 on root level
07-31 00:01:02 com_github_MitjaNemec_PlaceFootprints.place_footprints 156:Footprint SW16 on root level
07-31 00:01:02 com_github_MitjaNemec_PlaceFootprints.place_footprints 156:Footprint SW15 on root level
07-31 00:01:02 com_github_MitjaNemec_PlaceFootprints.place_footprints 156:Footprint SW12 on root level
07-31 00:01:02 com_github_MitjaNemec_PlaceFootprints.place_footprints 156:Footprint SW11 on root level
07-31 00:01:02 com_github_MitjaNemec_PlaceFootprints.place_footprints 156:Footprint SW10 on root level
07-31 00:01:02 com_github_MitjaNemec_PlaceFootprints.place_footprints 156:Footprint SW7 on root level
07-31 00:01:02 com_github_MitjaNemec_PlaceFootprints.place_footprints 156:Footprint SW6 on root level
07-31 00:01:02 com_github_MitjaNemec_PlaceFootprints.place_footprints 156:Footprint SW5 on root level
07-31 00:01:02 com_github_MitjaNemec_PlaceFootprints.place_footprints 156:Footprint SW2 on root level
07-31 00:01:02 com_github_MitjaNemec_PlaceFootprints.place_footprints 156:Footprint SW1 on root level
07-31 00:01:02 com_github_MitjaNemec_PlaceFootprints.place_footprints 156:Footprint R128 on root level
07-31 00:01:02 com_github_MitjaNemec_PlaceFootprints.place_footprints 156:Footprint R127 on root level
07-31 00:01:02 com_github_MitjaNemec_PlaceFootprints.place_footprints 156:Footprint R126 on root level
07-31 00:01:02 com_github_MitjaNemec_PlaceFootprints.place_footprints 156:Footprint R125 on root level
07-31 00:01:02 com_github_MitjaNemec_PlaceFootprints.place_footprints 156:Footprint R124 on root level
07-31 00:01:02 com_github_MitjaNemec_PlaceFootprints.place_footprints 156:Footprint R123 on root level
07-31 00:01:02 com_github_MitjaNemec_PlaceFootprints.place_footprints 156:Footprint R122 on root level
07-31 00:01:02 com_github_MitjaNemec_PlaceFootprints.place_footprints 156:Footprint R121 on root level
07-31 00:01:02 com_github_MitjaNemec_PlaceFootprints.place_footprints 156:Footprint R120 on root level
07-31 00:01:02 com_github_MitjaNemec_PlaceFootprints.place_footprints 156:Footprint R119 on root level
07-31 00:01:02 com_github_MitjaNemec_PlaceFootprints.place_footprints 156:Footprint R118 on root level
07-31 00:01:02 com_github_MitjaNemec_PlaceFootprints.place_footprints 156:Footprint R117 on root level
07-31 00:01:02 com_github_MitjaNemec_PlaceFootprints.place_footprints 156:Footprint R116 on root level
07-31 00:01:02 com_github_MitjaNemec_PlaceFootprints.place_footprints 156:Footprint R115 on root level
07-31 00:01:02 com_github_MitjaNemec_PlaceFootprints.place_footprints 156:Footprint R114 on root level
07-31 00:01:02 com_github_MitjaNemec_PlaceFootprints.place_footprints 156:Footprint R113 on root level
07-31 00:01:02 com_github_MitjaNemec_PlaceFootprints.place_footprints 156:Footprint R112 on root level
07-31 00:01:02 com_github_MitjaNemec_PlaceFootprints.place_footprints 156:Footprint R111 on root level
07-31 00:01:02 com_github_MitjaNemec_PlaceFootprints.place_footprints 156:Footprint R110 on root level
07-31 00:01:02 com_github_MitjaNemec_PlaceFootprints.place_footprints 156:Footprint R109 on root level
07-31 00:01:02 com_github_MitjaNemec_PlaceFootprints.place_footprints 156:Footprint R108 on root level
07-31 00:01:02 com_github_MitjaNemec_PlaceFootprints.place_footprints 156:Footprint R107 on root level
07-31 00:01:02 com_github_MitjaNemec_PlaceFootprints.place_footprints 156:Footprint R106 on root level
07-31 00:01:02 com_github_MitjaNemec_PlaceFootprints.place_footprints 156:Footprint R105 on root level
07-31 00:01:02 com_github_MitjaNemec_PlaceFootprints.place_footprints 156:Footprint R104 on root level
07-31 00:01:02 com_github_MitjaNemec_PlaceFootprints.place_footprints 156:Footprint R103 on root level
07-31 00:01:02 com_github_MitjaNemec_PlaceFootprints.place_footprints 156:Footprint R102 on root level
07-31 00:01:02 com_github_MitjaNemec_PlaceFootprints.place_footprints 156:Footprint R101 on root level
07-31 00:01:02 com_github_MitjaNemec_PlaceFootprints.place_footprints 156:Footprint R100 on root level
07-31 00:01:02 com_github_MitjaNemec_PlaceFootprints.place_footprints 156:Footprint R99 on root level
07-31 00:01:02 com_github_MitjaNemec_PlaceFootprints.place_footprints 156:Footprint R98 on root level
07-31 00:01:02 com_github_MitjaNemec_PlaceFootprints.place_footprints 156:Footprint R97 on root level
07-31 00:01:02 com_github_MitjaNemec_PlaceFootprints.place_footprints 156:Footprint R96 on root level
07-31 00:01:02 com_github_MitjaNemec_PlaceFootprints.place_footprints 156:Footprint R95 on root level
07-31 00:01:02 com_github_MitjaNemec_PlaceFootprints.place_footprints 156:Footprint R94 on root level
07-31 00:01:02 com_github_MitjaNemec_PlaceFootprints.place_footprints 156:Footprint R93 on root level
07-31 00:01:02 com_github_MitjaNemec_PlaceFootprints.place_footprints 156:Footprint R92 on root level
07-31 00:01:02 com_github_MitjaNemec_PlaceFootprints.place_footprints 156:Footprint R91 on root level
07-31 00:01:02 com_github_MitjaNemec_PlaceFootprints.place_footprints 156:Footprint R90 on root level
07-31 00:01:02 com_github_MitjaNemec_PlaceFootprints.place_footprints 156:Footprint R89 on root level
07-31 00:01:02 com_github_MitjaNemec_PlaceFootprints.place_footprints 156:Footprint R88 on root level
07-31 00:01:02 com_github_MitjaNemec_PlaceFootprints.place_footprints 156:Footprint R87 on root level
07-31 00:01:02 com_github_MitjaNemec_PlaceFootprints.place_footprints 156:Footprint R86 on root level
07-31 00:01:02 com_github_MitjaNemec_PlaceFootprints.place_footprints 156:Footprint R85 on root level
07-31 00:01:02 com_github_MitjaNemec_PlaceFootprints.place_footprints 156:Footprint R84 on root level
07-31 00:01:02 com_github_MitjaNemec_PlaceFootprints.place_footprints 156:Footprint R83 on root level
07-31 00:01:02 com_github_MitjaNemec_PlaceFootprints.place_footprints 156:Footprint R82 on root level
07-31 00:01:02 com_github_MitjaNemec_PlaceFootprints.place_footprints 156:Footprint R81 on root level
07-31 00:01:02 com_github_MitjaNemec_PlaceFootprints.place_footprints 156:Footprint R80 on root level
07-31 00:01:02 com_github_MitjaNemec_PlaceFootprints.place_footprints 156:Footprint R79 on root level
07-31 00:01:02 com_github_MitjaNemec_PlaceFootprints.place_footprints 156:Footprint R78 on root level
07-31 00:01:02 com_github_MitjaNemec_PlaceFootprints.place_footprints 156:Footprint R77 on root level
07-31 00:01:02 com_github_MitjaNemec_PlaceFootprints.place_footprints 156:Footprint R76 on root level
07-31 00:01:02 com_github_MitjaNemec_PlaceFootprints.place_footprints 156:Footprint R75 on root level
07-31 00:01:02 com_github_MitjaNemec_PlaceFootprints.place_footprints 156:Footprint R74 on root level
07-31 00:01:02 com_github_MitjaNemec_PlaceFootprints.place_footprints 156:Footprint R73 on root level
07-31 00:01:02 com_github_MitjaNemec_PlaceFootprints.place_footprints 156:Footprint R72 on root level
07-31 00:01:02 com_github_MitjaNemec_PlaceFootprints.place_footprints 156:Footprint R71 on root level
07-31 00:01:02 com_github_MitjaNemec_PlaceFootprints.place_footprints 156:Footprint R70 on root level
07-31 00:01:02 com_github_MitjaNemec_PlaceFootprints.place_footprints 156:Footprint R69 on root level
07-31 00:01:02 com_github_MitjaNemec_PlaceFootprints.place_footprints 156:Footprint R68 on root level
07-31 00:01:02 com_github_MitjaNemec_PlaceFootprints.place_footprints 156:Footprint R67 on root level
07-31 00:01:02 com_github_MitjaNemec_PlaceFootprints.place_footprints 156:Footprint R66 on root level
07-31 00:01:02 com_github_MitjaNemec_PlaceFootprints.place_footprints 156:Footprint R65 on root level
07-31 00:01:02 com_github_MitjaNemec_PlaceFootprints.place_footprints 156:Footprint R64 on root level
07-31 00:01:02 com_github_MitjaNemec_PlaceFootprints.place_footprints 156:Footprint R63 on root level
07-31 00:01:02 com_github_MitjaNemec_PlaceFootprints.place_footprints 156:Footprint R62 on root level
07-31 00:01:02 com_github_MitjaNemec_PlaceFootprints.place_footprints 156:Footprint R61 on root level
07-31 00:01:02 com_github_MitjaNemec_PlaceFootprints.place_footprints 156:Footprint R60 on root level
07-31 00:01:02 com_github_MitjaNemec_PlaceFootprints.place_footprints 156:Footprint R59 on root level
07-31 00:01:02 com_github_MitjaNemec_PlaceFootprints.place_footprints 156:Footprint R58 on root level
07-31 00:01:02 com_github_MitjaNemec_PlaceFootprints.place_footprints 156:Footprint R57 on root level
07-31 00:01:02 com_github_MitjaNemec_PlaceFootprints.place_footprints 156:Footprint R56 on root level
07-31 00:01:02 com_github_MitjaNemec_PlaceFootprints.place_footprints 156:Footprint R55 on root level
07-31 00:01:02 com_github_MitjaNemec_PlaceFootprints.place_footprints 156:Footprint R54 on root level
07-31 00:01:02 com_github_MitjaNemec_PlaceFootprints.place_footprints 156:Footprint R53 on root level
07-31 00:01:02 com_github_MitjaNemec_PlaceFootprints.place_footprints 156:Footprint R52 on root level
07-31 00:01:02 com_github_MitjaNemec_PlaceFootprints.place_footprints 156:Footprint R51 on root level
07-31 00:01:02 com_github_MitjaNemec_PlaceFootprints.place_footprints 156:Footprint R50 on root level
07-31 00:01:02 com_github_MitjaNemec_PlaceFootprints.place_footprints 156:Footprint R49 on root level
07-31 00:01:02 com_github_MitjaNemec_PlaceFootprints.place_footprints 156:Footprint R48 on root level
07-31 00:01:02 com_github_MitjaNemec_PlaceFootprints.place_footprints 156:Footprint R47 on root level
07-31 00:01:02 com_github_MitjaNemec_PlaceFootprints.place_footprints 156:Footprint R46 on root level
07-31 00:01:02 com_github_MitjaNemec_PlaceFootprints.place_footprints 156:Footprint R45 on root level
07-31 00:01:02 com_github_MitjaNemec_PlaceFootprints.place_footprints 156:Footprint R44 on root level
07-31 00:01:02 com_github_MitjaNemec_PlaceFootprints.place_footprints 156:Footprint R43 on root level
07-31 00:01:02 com_github_MitjaNemec_PlaceFootprints.place_footprints 156:Footprint R42 on root level
07-31 00:01:02 com_github_MitjaNemec_PlaceFootprints.place_footprints 156:Footprint R41 on root level
07-31 00:01:02 com_github_MitjaNemec_PlaceFootprints.place_footprints 156:Footprint R40 on root level
07-31 00:01:02 com_github_MitjaNemec_PlaceFootprints.place_footprints 156:Footprint R39 on root level
07-31 00:01:02 com_github_MitjaNemec_PlaceFootprints.place_footprints 156:Footprint R38 on root level
07-31 00:01:02 com_github_MitjaNemec_PlaceFootprints.place_footprints 156:Footprint R37 on root level
07-31 00:01:02 com_github_MitjaNemec_PlaceFootprints.place_footprints 156:Footprint R36 on root level
07-31 00:01:02 com_github_MitjaNemec_PlaceFootprints.place_footprints 156:Footprint R35 on root level
07-31 00:01:02 com_github_MitjaNemec_PlaceFootprints.place_footprints 156:Footprint R34 on root level
07-31 00:01:02 com_github_MitjaNemec_PlaceFootprints.place_footprints 156:Footprint R33 on root level
07-31 00:01:02 com_github_MitjaNemec_PlaceFootprints.place_footprints 156:Footprint R32 on root level
07-31 00:01:02 com_github_MitjaNemec_PlaceFootprints.place_footprints 156:Footprint R31 on root level
07-31 00:01:02 com_github_MitjaNemec_PlaceFootprints.place_footprints 156:Footprint R30 on root level
07-31 00:01:02 com_github_MitjaNemec_PlaceFootprints.place_footprints 156:Footprint R29 on root level
07-31 00:01:02 com_github_MitjaNemec_PlaceFootprints.place_footprints 156:Footprint R28 on root level
07-31 00:01:02 com_github_MitjaNemec_PlaceFootprints.place_footprints 156:Footprint R27 on root level
07-31 00:01:02 com_github_MitjaNemec_PlaceFootprints.place_footprints 156:Footprint R26 on root level
07-31 00:01:02 com_github_MitjaNemec_PlaceFootprints.place_footprints 156:Footprint R25 on root level
07-31 00:01:02 com_github_MitjaNemec_PlaceFootprints.place_footprints 156:Footprint R24 on root level
07-31 00:01:02 com_github_MitjaNemec_PlaceFootprints.place_footprints 156:Footprint R23 on root level
07-31 00:01:02 com_github_MitjaNemec_PlaceFootprints.place_footprints 156:Footprint R22 on root level
07-31 00:01:02 com_github_MitjaNemec_PlaceFootprints.place_footprints 156:Footprint R21 on root level
07-31 00:01:02 com_github_MitjaNemec_PlaceFootprints.place_footprints 156:Footprint R20 on root level
07-31 00:01:02 com_github_MitjaNemec_PlaceFootprints.place_footprints 156:Footprint R19 on root level
07-31 00:01:02 com_github_MitjaNemec_PlaceFootprints.place_footprints 156:Footprint R18 on root level
07-31 00:01:02 com_github_MitjaNemec_PlaceFootprints.place_footprints 156:Footprint R17 on root level
07-31 00:01:02 com_github_MitjaNemec_PlaceFootprints.place_footprints 156:Footprint R16 on root level
07-31 00:01:02 com_github_MitjaNemec_PlaceFootprints.place_footprints 156:Footprint R15 on root level
07-31 00:01:02 com_github_MitjaNemec_PlaceFootprints.place_footprints 156:Footprint R14 on root level
07-31 00:01:02 com_github_MitjaNemec_PlaceFootprints.place_footprints 156:Footprint R13 on root level
07-31 00:01:02 com_github_MitjaNemec_PlaceFootprints.place_footprints 156:Footprint R12 on root level
07-31 00:01:02 com_github_MitjaNemec_PlaceFootprints.place_footprints 156:Footprint R11 on root level
07-31 00:01:02 com_github_MitjaNemec_PlaceFootprints.place_footprints 156:Footprint R10 on root level
07-31 00:01:02 com_github_MitjaNemec_PlaceFootprints.place_footprints 156:Footprint R9 on root level
07-31 00:01:02 com_github_MitjaNemec_PlaceFootprints.place_footprints 156:Footprint R8 on root level
07-31 00:01:02 com_github_MitjaNemec_PlaceFootprints.place_footprints 156:Footprint R7 on root level
07-31 00:01:02 com_github_MitjaNemec_PlaceFootprints.place_footprints 156:Footprint R6 on root level
07-31 00:01:02 com_github_MitjaNemec_PlaceFootprints.place_footprints 156:Footprint R5 on root level
07-31 00:01:02 com_github_MitjaNemec_PlaceFootprints.place_footprints 156:Footprint R4 on root level
07-31 00:01:02 com_github_MitjaNemec_PlaceFootprints.place_footprints 156:Footprint R3 on root level
07-31 00:01:02 com_github_MitjaNemec_PlaceFootprints.place_footprints 156:Footprint R2 on root level
07-31 00:01:02 com_github_MitjaNemec_PlaceFootprints.place_footprints 156:Footprint R1 on root level
07-31 00:01:02 com_github_MitjaNemec_PlaceFootprints.place_footprints 156:Footprint Q3 on root level
07-31 00:01:02 com_github_MitjaNemec_PlaceFootprints.place_footprints 156:Footprint Q2 on root level
07-31 00:01:02 com_github_MitjaNemec_PlaceFootprints.place_footprints 156:Footprint Q1 on root level
07-31 00:01:02 com_github_MitjaNemec_PlaceFootprints.place_footprints 156:Footprint OC1 on root level
07-31 00:01:02 com_github_MitjaNemec_PlaceFootprints.place_footprints 156:Footprint L13 on root level
07-31 00:01:02 com_github_MitjaNemec_PlaceFootprints.place_footprints 156:Footprint L12 on root level
07-31 00:01:02 com_github_MitjaNemec_PlaceFootprints.place_footprints 156:Footprint L11 on root level
07-31 00:01:02 com_github_MitjaNemec_PlaceFootprints.place_footprints 156:Footprint L10 on root level
07-31 00:01:02 com_github_MitjaNemec_PlaceFootprints.place_footprints 156:Footprint L9 on root level
07-31 00:01:02 com_github_MitjaNemec_PlaceFootprints.place_footprints 156:Footprint L8 on root level
07-31 00:01:02 com_github_MitjaNemec_PlaceFootprints.place_footprints 156:Footprint L7 on root level
07-31 00:01:02 com_github_MitjaNemec_PlaceFootprints.place_footprints 156:Footprint L6 on root level
07-31 00:01:02 com_github_MitjaNemec_PlaceFootprints.place_footprints 156:Footprint L5 on root level
07-31 00:01:02 com_github_MitjaNemec_PlaceFootprints.place_footprints 156:Footprint L4 on root level
07-31 00:01:02 com_github_MitjaNemec_PlaceFootprints.place_footprints 156:Footprint L3 on root level
07-31 00:01:02 com_github_MitjaNemec_PlaceFootprints.place_footprints 156:Footprint L2 on root level
07-31 00:01:02 com_github_MitjaNemec_PlaceFootprints.place_footprints 156:Footprint L1 on root level
07-31 00:01:02 com_github_MitjaNemec_PlaceFootprints.place_footprints 156:Footprint J10 on root level
07-31 00:01:02 com_github_MitjaNemec_PlaceFootprints.place_footprints 156:Footprint J9 on root level
07-31 00:01:02 com_github_MitjaNemec_PlaceFootprints.place_footprints 156:Footprint J8 on root level
07-31 00:01:02 com_github_MitjaNemec_PlaceFootprints.place_footprints 156:Footprint J7 on root level
07-31 00:01:02 com_github_MitjaNemec_PlaceFootprints.place_footprints 156:Footprint J6 on root level
07-31 00:01:02 com_github_MitjaNemec_PlaceFootprints.place_footprints 156:Footprint J5 on root level
07-31 00:01:02 com_github_MitjaNemec_PlaceFootprints.place_footprints 156:Footprint J4 on root level
07-31 00:01:02 com_github_MitjaNemec_PlaceFootprints.place_footprints 156:Footprint J3 on root level
07-31 00:01:02 com_github_MitjaNemec_PlaceFootprints.place_footprints 156:Footprint J2 on root level
07-31 00:01:02 com_github_MitjaNemec_PlaceFootprints.place_footprints 156:Footprint J1 on root level
07-31 00:01:02 com_github_MitjaNemec_PlaceFootprints.place_footprints 156:Footprint FPC1 on root level
07-31 00:01:02 com_github_MitjaNemec_PlaceFootprints.place_footprints 156:Footprint D56 on root level
07-31 00:01:02 com_github_MitjaNemec_PlaceFootprints.place_footprints 156:Footprint D55 on root level
07-31 00:01:02 com_github_MitjaNemec_PlaceFootprints.place_footprints 156:Footprint D54 on root level
07-31 00:01:02 com_github_MitjaNemec_PlaceFootprints.place_footprints 156:Footprint D53 on root level
07-31 00:01:02 com_github_MitjaNemec_PlaceFootprints.place_footprints 156:Footprint D52 on root level
07-31 00:01:02 com_github_MitjaNemec_PlaceFootprints.place_footprints 156:Footprint D51 on root level
07-31 00:01:02 com_github_MitjaNemec_PlaceFootprints.place_footprints 156:Footprint D50 on root level
07-31 00:01:02 com_github_MitjaNemec_PlaceFootprints.place_footprints 156:Footprint D49 on root level
07-31 00:01:02 com_github_MitjaNemec_PlaceFootprints.place_footprints 156:Footprint D48 on root level
07-31 00:01:02 com_github_MitjaNemec_PlaceFootprints.place_footprints 156:Footprint D47 on root level
07-31 00:01:02 com_github_MitjaNemec_PlaceFootprints.place_footprints 156:Footprint D46 on root level
07-31 00:01:02 com_github_MitjaNemec_PlaceFootprints.place_footprints 156:Footprint D45 on root level
07-31 00:01:02 com_github_MitjaNemec_PlaceFootprints.place_footprints 156:Footprint D44 on root level
07-31 00:01:02 com_github_MitjaNemec_PlaceFootprints.place_footprints 156:Footprint D43 on root level
07-31 00:01:02 com_github_MitjaNemec_PlaceFootprints.place_footprints 156:Footprint D42 on root level
07-31 00:01:02 com_github_MitjaNemec_PlaceFootprints.place_footprints 156:Footprint D41 on root level
07-31 00:01:02 com_github_MitjaNemec_PlaceFootprints.place_footprints 156:Footprint D40 on root level
07-31 00:01:02 com_github_MitjaNemec_PlaceFootprints.place_footprints 156:Footprint D39 on root level
07-31 00:01:02 com_github_MitjaNemec_PlaceFootprints.place_footprints 156:Footprint D38 on root level
07-31 00:01:02 com_github_MitjaNemec_PlaceFootprints.place_footprints 156:Footprint D37 on root level
07-31 00:01:02 com_github_MitjaNemec_PlaceFootprints.place_footprints 156:Footprint D36 on root level
07-31 00:01:02 com_github_MitjaNemec_PlaceFootprints.place_footprints 156:Footprint D35 on root level
07-31 00:01:02 com_github_MitjaNemec_PlaceFootprints.place_footprints 156:Footprint D34 on root level
07-31 00:01:02 com_github_MitjaNemec_PlaceFootprints.place_footprints 156:Footprint D33 on root level
07-31 00:01:02 com_github_MitjaNemec_PlaceFootprints.place_footprints 156:Footprint D32 on root level
07-31 00:01:02 com_github_MitjaNemec_PlaceFootprints.place_footprints 156:Footprint D31 on root level
07-31 00:01:02 com_github_MitjaNemec_PlaceFootprints.place_footprints 156:Footprint D30 on root level
07-31 00:01:02 com_github_MitjaNemec_PlaceFootprints.place_footprints 156:Footprint D29 on root level
07-31 00:01:02 com_github_MitjaNemec_PlaceFootprints.place_footprints 156:Footprint D28 on root level
07-31 00:01:02 com_github_MitjaNemec_PlaceFootprints.place_footprints 156:Footprint D27 on root level
07-31 00:01:02 com_github_MitjaNemec_PlaceFootprints.place_footprints 156:Footprint D26 on root level
07-31 00:01:02 com_github_MitjaNemec_PlaceFootprints.place_footprints 156:Footprint D25 on root level
07-31 00:01:02 com_github_MitjaNemec_PlaceFootprints.place_footprints 156:Footprint D24 on root level
07-31 00:01:02 com_github_MitjaNemec_PlaceFootprints.place_footprints 156:Footprint D23 on root level
07-31 00:01:02 com_github_MitjaNemec_PlaceFootprints.place_footprints 156:Footprint D22 on root level
07-31 00:01:02 com_github_MitjaNemec_PlaceFootprints.place_footprints 156:Footprint D21 on root level
07-31 00:01:02 com_github_MitjaNemec_PlaceFootprints.place_footprints 156:Footprint D20 on root level
07-31 00:01:02 com_github_MitjaNemec_PlaceFootprints.place_footprints 156:Footprint D19 on root level
07-31 00:01:02 com_github_MitjaNemec_PlaceFootprints.place_footprints 156:Footprint D18 on root level
07-31 00:01:02 com_github_MitjaNemec_PlaceFootprints.place_footprints 156:Footprint D17 on root level
07-31 00:01:02 com_github_MitjaNemec_PlaceFootprints.place_footprints 156:Footprint D16 on root level
07-31 00:01:02 com_github_MitjaNemec_PlaceFootprints.place_footprints 156:Footprint D15 on root level
07-31 00:01:02 com_github_MitjaNemec_PlaceFootprints.place_footprints 156:Footprint D14 on root level
07-31 00:01:02 com_github_MitjaNemec_PlaceFootprints.place_footprints 156:Footprint D13 on root level
07-31 00:01:02 com_github_MitjaNemec_PlaceFootprints.place_footprints 156:Footprint D12 on root level
07-31 00:01:02 com_github_MitjaNemec_PlaceFootprints.place_footprints 156:Footprint D11 on root level
07-31 00:01:02 com_github_MitjaNemec_PlaceFootprints.place_footprints 156:Footprint D10 on root level
07-31 00:01:02 com_github_MitjaNemec_PlaceFootprints.place_footprints 156:Footprint D9 on root level
07-31 00:01:02 com_github_MitjaNemec_PlaceFootprints.place_footprints 156:Footprint D8 on root level
07-31 00:01:02 com_github_MitjaNemec_PlaceFootprints.place_footprints 156:Footprint D7 on root level
07-31 00:01:02 com_github_MitjaNemec_PlaceFootprints.place_footprints 156:Footprint D6 on root level
07-31 00:01:02 com_github_MitjaNemec_PlaceFootprints.place_footprints 156:Footprint D5 on root level
07-31 00:01:02 com_github_MitjaNemec_PlaceFootprints.place_footprints 156:Footprint D4 on root level
07-31 00:01:02 com_github_MitjaNemec_PlaceFootprints.place_footprints 156:Footprint D3 on root level
07-31 00:01:02 com_github_MitjaNemec_PlaceFootprints.place_footprints 156:Footprint D2 on root level
07-31 00:01:02 com_github_MitjaNemec_PlaceFootprints.place_footprints 156:Footprint D1 on root level
07-31 00:01:02 com_github_MitjaNemec_PlaceFootprints.place_footprints 156:Footprint CN2 on root level
07-31 00:01:02 com_github_MitjaNemec_PlaceFootprints.place_footprints 156:Footprint CN1 on root level
07-31 00:01:02 com_github_MitjaNemec_PlaceFootprints.place_footprints 156:Footprint Card1 on root level
07-31 00:01:02 com_github_MitjaNemec_PlaceFootprints.place_footprints 156:Footprint C216 on root level
07-31 00:01:02 com_github_MitjaNemec_PlaceFootprints.place_footprints 156:Footprint C215 on root level
07-31 00:01:02 com_github_MitjaNemec_PlaceFootprints.place_footprints 156:Footprint C214 on root level
07-31 00:01:02 com_github_MitjaNemec_PlaceFootprints.place_footprints 156:Footprint C213 on root level
07-31 00:01:02 com_github_MitjaNemec_PlaceFootprints.place_footprints 156:Footprint C212 on root level
07-31 00:01:02 com_github_MitjaNemec_PlaceFootprints.place_footprints 156:Footprint C211 on root level
07-31 00:01:02 com_github_MitjaNemec_PlaceFootprints.place_footprints 156:Footprint C210 on root level
07-31 00:01:02 com_github_MitjaNemec_PlaceFootprints.place_footprints 156:Footprint C209 on root level
07-31 00:01:02 com_github_MitjaNemec_PlaceFootprints.place_footprints 156:Footprint C208 on root level
07-31 00:01:02 com_github_MitjaNemec_PlaceFootprints.place_footprints 156:Footprint C207 on root level
07-31 00:01:02 com_github_MitjaNemec_PlaceFootprints.place_footprints 156:Footprint C206 on root level
07-31 00:01:02 com_github_MitjaNemec_PlaceFootprints.place_footprints 156:Footprint C205 on root level
07-31 00:01:02 com_github_MitjaNemec_PlaceFootprints.place_footprints 156:Footprint C204 on root level
07-31 00:01:02 com_github_MitjaNemec_PlaceFootprints.place_footprints 156:Footprint C203 on root level
07-31 00:01:02 com_github_MitjaNemec_PlaceFootprints.place_footprints 156:Footprint C202 on root level
07-31 00:01:02 com_github_MitjaNemec_PlaceFootprints.place_footprints 156:Footprint C201 on root level
07-31 00:01:02 com_github_MitjaNemec_PlaceFootprints.place_footprints 156:Footprint C200 on root level
07-31 00:01:02 com_github_MitjaNemec_PlaceFootprints.place_footprints 156:Footprint C199 on root level
07-31 00:01:02 com_github_MitjaNemec_PlaceFootprints.place_footprints 156:Footprint C198 on root level
07-31 00:01:02 com_github_MitjaNemec_PlaceFootprints.place_footprints 156:Footprint C197 on root level
07-31 00:01:02 com_github_MitjaNemec_PlaceFootprints.place_footprints 156:Footprint C196 on root level
07-31 00:01:02 com_github_MitjaNemec_PlaceFootprints.place_footprints 156:Footprint C195 on root level
07-31 00:01:02 com_github_MitjaNemec_PlaceFootprints.place_footprints 156:Footprint C194 on root level
07-31 00:01:02 com_github_MitjaNemec_PlaceFootprints.place_footprints 156:Footprint C193 on root level
07-31 00:01:02 com_github_MitjaNemec_PlaceFootprints.place_footprints 156:Footprint C192 on root level
07-31 00:01:02 com_github_MitjaNemec_PlaceFootprints.place_footprints 156:Footprint C191 on root level
07-31 00:01:02 com_github_MitjaNemec_PlaceFootprints.place_footprints 156:Footprint C190 on root level
07-31 00:01:02 com_github_MitjaNemec_PlaceFootprints.place_footprints 156:Footprint C189 on root level
07-31 00:01:02 com_github_MitjaNemec_PlaceFootprints.place_footprints 156:Footprint C188 on root level
07-31 00:01:02 com_github_MitjaNemec_PlaceFootprints.place_footprints 156:Footprint C187 on root level
07-31 00:01:02 com_github_MitjaNemec_PlaceFootprints.place_footprints 156:Footprint C186 on root level
07-31 00:01:02 com_github_MitjaNemec_PlaceFootprints.place_footprints 156:Footprint C185 on root level
07-31 00:01:02 com_github_MitjaNemec_PlaceFootprints.place_footprints 156:Footprint C184 on root level
07-31 00:01:02 com_github_MitjaNemec_PlaceFootprints.place_footprints 156:Footprint C183 on root level
07-31 00:01:02 com_github_MitjaNemec_PlaceFootprints.place_footprints 156:Footprint C182 on root level
07-31 00:01:02 com_github_MitjaNemec_PlaceFootprints.place_footprints 156:Footprint C181 on root level
07-31 00:01:02 com_github_MitjaNemec_PlaceFootprints.place_footprints 156:Footprint C180 on root level
07-31 00:01:02 com_github_MitjaNemec_PlaceFootprints.place_footprints 156:Footprint C179 on root level
07-31 00:01:02 com_github_MitjaNemec_PlaceFootprints.place_footprints 156:Footprint C178 on root level
07-31 00:01:02 com_github_MitjaNemec_PlaceFootprints.place_footprints 156:Footprint C177 on root level
07-31 00:01:02 com_github_MitjaNemec_PlaceFootprints.place_footprints 156:Footprint C176 on root level
07-31 00:01:02 com_github_MitjaNemec_PlaceFootprints.place_footprints 156:Footprint C175 on root level
07-31 00:01:02 com_github_MitjaNemec_PlaceFootprints.place_footprints 156:Footprint C174 on root level
07-31 00:01:02 com_github_MitjaNemec_PlaceFootprints.place_footprints 156:Footprint C173 on root level
07-31 00:01:02 com_github_MitjaNemec_PlaceFootprints.place_footprints 156:Footprint C172 on root level
07-31 00:01:02 com_github_MitjaNemec_PlaceFootprints.place_footprints 156:Footprint C171 on root level
07-31 00:01:02 com_github_MitjaNemec_PlaceFootprints.place_footprints 156:Footprint C170 on root level
07-31 00:01:02 com_github_MitjaNemec_PlaceFootprints.place_footprints 156:Footprint C169 on root level
07-31 00:01:02 com_github_MitjaNemec_PlaceFootprints.place_footprints 156:Footprint C168 on root level
07-31 00:01:02 com_github_MitjaNemec_PlaceFootprints.place_footprints 156:Footprint C167 on root level
07-31 00:01:02 com_github_MitjaNemec_PlaceFootprints.place_footprints 156:Footprint C166 on root level
07-31 00:01:02 com_github_MitjaNemec_PlaceFootprints.place_footprints 156:Footprint C165 on root level
07-31 00:01:02 com_github_MitjaNemec_PlaceFootprints.place_footprints 156:Footprint C164 on root level
07-31 00:01:02 com_github_MitjaNemec_PlaceFootprints.place_footprints 156:Footprint C163 on root level
07-31 00:01:02 com_github_MitjaNemec_PlaceFootprints.place_footprints 156:Footprint C162 on root level
07-31 00:01:02 com_github_MitjaNemec_PlaceFootprints.place_footprints 156:Footprint C161 on root level
07-31 00:01:02 com_github_MitjaNemec_PlaceFootprints.place_footprints 156:Footprint C160 on root level
07-31 00:01:02 com_github_MitjaNemec_PlaceFootprints.place_footprints 156:Footprint C159 on root level
07-31 00:01:02 com_github_MitjaNemec_PlaceFootprints.place_footprints 156:Footprint C158 on root level
07-31 00:01:02 com_github_MitjaNemec_PlaceFootprints.place_footprints 156:Footprint C157 on root level
07-31 00:01:02 com_github_MitjaNemec_PlaceFootprints.place_footprints 156:Footprint C156 on root level
07-31 00:01:02 com_github_MitjaNemec_PlaceFootprints.place_footprints 156:Footprint C155 on root level
07-31 00:01:02 com_github_MitjaNemec_PlaceFootprints.place_footprints 156:Footprint C154 on root level
07-31 00:01:02 com_github_MitjaNemec_PlaceFootprints.place_footprints 156:Footprint C153 on root level
07-31 00:01:02 com_github_MitjaNemec_PlaceFootprints.place_footprints 156:Footprint C152 on root level
07-31 00:01:02 com_github_MitjaNemec_PlaceFootprints.place_footprints 156:Footprint C151 on root level
07-31 00:01:02 com_github_MitjaNemec_PlaceFootprints.place_footprints 156:Footprint C150 on root level
07-31 00:01:02 com_github_MitjaNemec_PlaceFootprints.place_footprints 156:Footprint C149 on root level
07-31 00:01:02 com_github_MitjaNemec_PlaceFootprints.place_footprints 156:Footprint C148 on root level
07-31 00:01:02 com_github_MitjaNemec_PlaceFootprints.place_footprints 156:Footprint C147 on root level
07-31 00:01:02 com_github_MitjaNemec_PlaceFootprints.place_footprints 156:Footprint C146 on root level
07-31 00:01:02 com_github_MitjaNemec_PlaceFootprints.place_footprints 156:Footprint C145 on root level
07-31 00:01:02 com_github_MitjaNemec_PlaceFootprints.place_footprints 156:Footprint C144 on root level
07-31 00:01:02 com_github_MitjaNemec_PlaceFootprints.place_footprints 156:Footprint C143 on root level
07-31 00:01:02 com_github_MitjaNemec_PlaceFootprints.place_footprints 156:Footprint C142 on root level
07-31 00:01:02 com_github_MitjaNemec_PlaceFootprints.place_footprints 156:Footprint C141 on root level
07-31 00:01:02 com_github_MitjaNemec_PlaceFootprints.place_footprints 156:Footprint C140 on root level
07-31 00:01:02 com_github_MitjaNemec_PlaceFootprints.place_footprints 156:Footprint C139 on root level
07-31 00:01:02 com_github_MitjaNemec_PlaceFootprints.place_footprints 156:Footprint C138 on root level
07-31 00:01:02 com_github_MitjaNemec_PlaceFootprints.place_footprints 156:Footprint C137 on root level
07-31 00:01:02 com_github_MitjaNemec_PlaceFootprints.place_footprints 156:Footprint C136 on root level
07-31 00:01:02 com_github_MitjaNemec_PlaceFootprints.place_footprints 156:Footprint C135 on root level
07-31 00:01:02 com_github_MitjaNemec_PlaceFootprints.place_footprints 156:Footprint C134 on root level
07-31 00:01:02 com_github_MitjaNemec_PlaceFootprints.place_footprints 156:Footprint C133 on root level
07-31 00:01:02 com_github_MitjaNemec_PlaceFootprints.place_footprints 156:Footprint C132 on root level
07-31 00:01:02 com_github_MitjaNemec_PlaceFootprints.place_footprints 156:Footprint C131 on root level
07-31 00:01:02 com_github_MitjaNemec_PlaceFootprints.place_footprints 156:Footprint C130 on root level
07-31 00:01:02 com_github_MitjaNemec_PlaceFootprints.place_footprints 156:Footprint C129 on root level
07-31 00:01:02 com_github_MitjaNemec_PlaceFootprints.place_footprints 156:Footprint C128 on root level
07-31 00:01:02 com_github_MitjaNemec_PlaceFootprints.place_footprints 156:Footprint C127 on root level
07-31 00:01:02 com_github_MitjaNemec_PlaceFootprints.place_footprints 156:Footprint C126 on root level
07-31 00:01:02 com_github_MitjaNemec_PlaceFootprints.place_footprints 156:Footprint C125 on root level
07-31 00:01:02 com_github_MitjaNemec_PlaceFootprints.place_footprints 156:Footprint C124 on root level
07-31 00:01:02 com_github_MitjaNemec_PlaceFootprints.place_footprints 156:Footprint C123 on root level
07-31 00:01:02 com_github_MitjaNemec_PlaceFootprints.place_footprints 156:Footprint C122 on root level
07-31 00:01:02 com_github_MitjaNemec_PlaceFootprints.place_footprints 156:Footprint C121 on root level
07-31 00:01:02 com_github_MitjaNemec_PlaceFootprints.place_footprints 156:Footprint C120 on root level
07-31 00:01:02 com_github_MitjaNemec_PlaceFootprints.place_footprints 156:Footprint C119 on root level
07-31 00:01:02 com_github_MitjaNemec_PlaceFootprints.place_footprints 156:Footprint C118 on root level
07-31 00:01:02 com_github_MitjaNemec_PlaceFootprints.place_footprints 156:Footprint C117 on root level
07-31 00:01:02 com_github_MitjaNemec_PlaceFootprints.place_footprints 156:Footprint C116 on root level
07-31 00:01:02 com_github_MitjaNemec_PlaceFootprints.place_footprints 156:Footprint C115 on root level
07-31 00:01:02 com_github_MitjaNemec_PlaceFootprints.place_footprints 156:Footprint C114 on root level
07-31 00:01:02 com_github_MitjaNemec_PlaceFootprints.place_footprints 156:Footprint C113 on root level
07-31 00:01:02 com_github_MitjaNemec_PlaceFootprints.place_footprints 156:Footprint C112 on root level
07-31 00:01:02 com_github_MitjaNemec_PlaceFootprints.place_footprints 156:Footprint C111 on root level
07-31 00:01:02 com_github_MitjaNemec_PlaceFootprints.place_footprints 156:Footprint C110 on root level
07-31 00:01:02 com_github_MitjaNemec_PlaceFootprints.place_footprints 156:Footprint C109 on root level
07-31 00:01:02 com_github_MitjaNemec_PlaceFootprints.place_footprints 156:Footprint C108 on root level
07-31 00:01:02 com_github_MitjaNemec_PlaceFootprints.place_footprints 156:Footprint C107 on root level
07-31 00:01:02 com_github_MitjaNemec_PlaceFootprints.place_footprints 156:Footprint C106 on root level
07-31 00:01:02 com_github_MitjaNemec_PlaceFootprints.place_footprints 156:Footprint C105 on root level
07-31 00:01:02 com_github_MitjaNemec_PlaceFootprints.place_footprints 156:Footprint C104 on root level
07-31 00:01:02 com_github_MitjaNemec_PlaceFootprints.place_footprints 156:Footprint C103 on root level
07-31 00:01:02 com_github_MitjaNemec_PlaceFootprints.place_footprints 156:Footprint C102 on root level
07-31 00:01:02 com_github_MitjaNemec_PlaceFootprints.place_footprints 156:Footprint C101 on root level
07-31 00:01:02 com_github_MitjaNemec_PlaceFootprints.place_footprints 156:Footprint C100 on root level
07-31 00:01:02 com_github_MitjaNemec_PlaceFootprints.place_footprints 156:Footprint C99 on root level
07-31 00:01:02 com_github_MitjaNemec_PlaceFootprints.place_footprints 156:Footprint C98 on root level
07-31 00:01:02 com_github_MitjaNemec_PlaceFootprints.place_footprints 156:Footprint C97 on root level
07-31 00:01:02 com_github_MitjaNemec_PlaceFootprints.place_footprints 156:Footprint C96 on root level
07-31 00:01:02 com_github_MitjaNemec_PlaceFootprints.place_footprints 156:Footprint C95 on root level
07-31 00:01:02 com_github_MitjaNemec_PlaceFootprints.place_footprints 156:Footprint C94 on root level
07-31 00:01:02 com_github_MitjaNemec_PlaceFootprints.place_footprints 156:Footprint C93 on root level
07-31 00:01:02 com_github_MitjaNemec_PlaceFootprints.place_footprints 156:Footprint C92 on root level
07-31 00:01:02 com_github_MitjaNemec_PlaceFootprints.place_footprints 156:Footprint C91 on root level
07-31 00:01:02 com_github_MitjaNemec_PlaceFootprints.place_footprints 156:Footprint C90 on root level
07-31 00:01:02 com_github_MitjaNemec_PlaceFootprints.place_footprints 156:Footprint C89 on root level
07-31 00:01:02 com_github_MitjaNemec_PlaceFootprints.place_footprints 156:Footprint C88 on root level
07-31 00:01:02 com_github_MitjaNemec_PlaceFootprints.place_footprints 156:Footprint C87 on root level
07-31 00:01:02 com_github_MitjaNemec_PlaceFootprints.place_footprints 156:Footprint C86 on root level
07-31 00:01:02 com_github_MitjaNemec_PlaceFootprints.place_footprints 156:Footprint C85 on root level
07-31 00:01:02 com_github_MitjaNemec_PlaceFootprints.place_footprints 156:Footprint C84 on root level
07-31 00:01:02 com_github_MitjaNemec_PlaceFootprints.place_footprints 156:Footprint C83 on root level
07-31 00:01:02 com_github_MitjaNemec_PlaceFootprints.place_footprints 156:Footprint C82 on root level
07-31 00:01:02 com_github_MitjaNemec_PlaceFootprints.place_footprints 156:Footprint C81 on root level
07-31 00:01:02 com_github_MitjaNemec_PlaceFootprints.place_footprints 156:Footprint C80 on root level
07-31 00:01:02 com_github_MitjaNemec_PlaceFootprints.place_footprints 156:Footprint C79 on root level
07-31 00:01:02 com_github_MitjaNemec_PlaceFootprints.place_footprints 156:Footprint C78 on root level
07-31 00:01:02 com_github_MitjaNemec_PlaceFootprints.place_footprints 156:Footprint C77 on root level
07-31 00:01:02 com_github_MitjaNemec_PlaceFootprints.place_footprints 156:Footprint C76 on root level
07-31 00:01:02 com_github_MitjaNemec_PlaceFootprints.place_footprints 156:Footprint C75 on root level
07-31 00:01:02 com_github_MitjaNemec_PlaceFootprints.place_footprints 156:Footprint C74 on root level
07-31 00:01:02 com_github_MitjaNemec_PlaceFootprints.place_footprints 156:Footprint C73 on root level
07-31 00:01:02 com_github_MitjaNemec_PlaceFootprints.place_footprints 156:Footprint C72 on root level
07-31 00:01:02 com_github_MitjaNemec_PlaceFootprints.place_footprints 156:Footprint C71 on root level
07-31 00:01:02 com_github_MitjaNemec_PlaceFootprints.place_footprints 156:Footprint C70 on root level
07-31 00:01:02 com_github_MitjaNemec_PlaceFootprints.place_footprints 156:Footprint C69 on root level
07-31 00:01:02 com_github_MitjaNemec_PlaceFootprints.place_footprints 156:Footprint C68 on root level
07-31 00:01:02 com_github_MitjaNemec_PlaceFootprints.place_footprints 156:Footprint C67 on root level
07-31 00:01:02 com_github_MitjaNemec_PlaceFootprints.place_footprints 156:Footprint C66 on root level
07-31 00:01:02 com_github_MitjaNemec_PlaceFootprints.place_footprints 156:Footprint C65 on root level
07-31 00:01:02 com_github_MitjaNemec_PlaceFootprints.place_footprints 156:Footprint C64 on root level
07-31 00:01:02 com_github_MitjaNemec_PlaceFootprints.place_footprints 156:Footprint C63 on root level
07-31 00:01:02 com_github_MitjaNemec_PlaceFootprints.place_footprints 156:Footprint C62 on root level
07-31 00:01:02 com_github_MitjaNemec_PlaceFootprints.place_footprints 156:Footprint C61 on root level
07-31 00:01:02 com_github_MitjaNemec_PlaceFootprints.place_footprints 156:Footprint C60 on root level
07-31 00:01:02 com_github_MitjaNemec_PlaceFootprints.place_footprints 156:Footprint C59 on root level
07-31 00:01:02 com_github_MitjaNemec_PlaceFootprints.place_footprints 156:Footprint C58 on root level
07-31 00:01:02 com_github_MitjaNemec_PlaceFootprints.place_footprints 156:Footprint C57 on root level
07-31 00:01:02 com_github_MitjaNemec_PlaceFootprints.place_footprints 156:Footprint C56 on root level
07-31 00:01:02 com_github_MitjaNemec_PlaceFootprints.place_footprints 156:Footprint C55 on root level
07-31 00:01:02 com_github_MitjaNemec_PlaceFootprints.place_footprints 156:Footprint C54 on root level
07-31 00:01:02 com_github_MitjaNemec_PlaceFootprints.place_footprints 156:Footprint C53 on root level
07-31 00:01:02 com_github_MitjaNemec_PlaceFootprints.place_footprints 156:Footprint C52 on root level
07-31 00:01:02 com_github_MitjaNemec_PlaceFootprints.place_footprints 156:Footprint C51 on root level
07-31 00:01:02 com_github_MitjaNemec_PlaceFootprints.place_footprints 156:Footprint C50 on root level
07-31 00:01:02 com_github_MitjaNemec_PlaceFootprints.place_footprints 156:Footprint C49 on root level
07-31 00:01:02 com_github_MitjaNemec_PlaceFootprints.place_footprints 156:Footprint C48 on root level
07-31 00:01:02 com_github_MitjaNemec_PlaceFootprints.place_footprints 156:Footprint C47 on root level
07-31 00:01:02 com_github_MitjaNemec_PlaceFootprints.place_footprints 156:Footprint C46 on root level
07-31 00:01:02 com_github_MitjaNemec_PlaceFootprints.place_footprints 156:Footprint C45 on root level
07-31 00:01:02 com_github_MitjaNemec_PlaceFootprints.place_footprints 156:Footprint C44 on root level
07-31 00:01:02 com_github_MitjaNemec_PlaceFootprints.place_footprints 156:Footprint C43 on root level
07-31 00:01:02 com_github_MitjaNemec_PlaceFootprints.place_footprints 156:Footprint C42 on root level
07-31 00:01:02 com_github_MitjaNemec_PlaceFootprints.place_footprints 156:Footprint C41 on root level
07-31 00:01:02 com_github_MitjaNemec_PlaceFootprints.place_footprints 156:Footprint C40 on root level
07-31 00:01:02 com_github_MitjaNemec_PlaceFootprints.place_footprints 156:Footprint C39 on root level
07-31 00:01:02 com_github_MitjaNemec_PlaceFootprints.place_footprints 156:Footprint C38 on root level
07-31 00:01:02 com_github_MitjaNemec_PlaceFootprints.place_footprints 156:Footprint C37 on root level
07-31 00:01:02 com_github_MitjaNemec_PlaceFootprints.place_footprints 156:Footprint C36 on root level
07-31 00:01:02 com_github_MitjaNemec_PlaceFootprints.place_footprints 156:Footprint C35 on root level
07-31 00:01:02 com_github_MitjaNemec_PlaceFootprints.place_footprints 156:Footprint C34 on root level
07-31 00:01:02 com_github_MitjaNemec_PlaceFootprints.place_footprints 156:Footprint C33 on root level
07-31 00:01:02 com_github_MitjaNemec_PlaceFootprints.place_footprints 156:Footprint C32 on root level
07-31 00:01:02 com_github_MitjaNemec_PlaceFootprints.place_footprints 156:Footprint C31 on root level
07-31 00:01:02 com_github_MitjaNemec_PlaceFootprints.place_footprints 156:Footprint C30 on root level
07-31 00:01:02 com_github_MitjaNemec_PlaceFootprints.place_footprints 156:Footprint C29 on root level
07-31 00:01:02 com_github_MitjaNemec_PlaceFootprints.place_footprints 156:Footprint C28 on root level
07-31 00:01:02 com_github_MitjaNemec_PlaceFootprints.place_footprints 156:Footprint C27 on root level
07-31 00:01:02 com_github_MitjaNemec_PlaceFootprints.place_footprints 156:Footprint C26 on root level
07-31 00:01:02 com_github_MitjaNemec_PlaceFootprints.place_footprints 156:Footprint C25 on root level
07-31 00:01:02 com_github_MitjaNemec_PlaceFootprints.place_footprints 156:Footprint C24 on root level
07-31 00:01:02 com_github_MitjaNemec_PlaceFootprints.place_footprints 156:Footprint C23 on root level
07-31 00:01:02 com_github_MitjaNemec_PlaceFootprints.place_footprints 156:Footprint C22 on root level
07-31 00:01:02 com_github_MitjaNemec_PlaceFootprints.place_footprints 156:Footprint C21 on root level
07-31 00:01:02 com_github_MitjaNemec_PlaceFootprints.place_footprints 156:Footprint C20 on root level
07-31 00:01:02 com_github_MitjaNemec_PlaceFootprints.place_footprints 156:Footprint C19 on root level
07-31 00:01:02 com_github_MitjaNemec_PlaceFootprints.place_footprints 156:Footprint C18 on root level
07-31 00:01:02 com_github_MitjaNemec_PlaceFootprints.place_footprints 156:Footprint C17 on root level
07-31 00:01:02 com_github_MitjaNemec_PlaceFootprints.place_footprints 156:Footprint C16 on root level
07-31 00:01:02 com_github_MitjaNemec_PlaceFootprints.place_footprints 156:Footprint C15 on root level
07-31 00:01:02 com_github_MitjaNemec_PlaceFootprints.place_footprints 156:Footprint C14 on root level
07-31 00:01:02 com_github_MitjaNemec_PlaceFootprints.place_footprints 156:Footprint C13 on root level
07-31 00:01:02 com_github_MitjaNemec_PlaceFootprints.place_footprints 156:Footprint C12 on root level
07-31 00:01:02 com_github_MitjaNemec_PlaceFootprints.place_footprints 156:Footprint C11 on root level
07-31 00:01:02 com_github_MitjaNemec_PlaceFootprints.place_footprints 156:Footprint C10 on root level
07-31 00:01:02 com_github_MitjaNemec_PlaceFootprints.place_footprints 156:Footprint C9 on root level
07-31 00:01:02 com_github_MitjaNemec_PlaceFootprints.place_footprints 156:Footprint C8 on root level
07-31 00:01:02 com_github_MitjaNemec_PlaceFootprints.place_footprints 156:Footprint C7 on root level
07-31 00:01:02 com_github_MitjaNemec_PlaceFootprints.place_footprints 156:Footprint C6 on root level
07-31 00:01:02 com_github_MitjaNemec_PlaceFootprints.place_footprints 156:Footprint C5 on root level
07-31 00:01:02 com_github_MitjaNemec_PlaceFootprints.place_footprints 156:Footprint C4 on root level
07-31 00:01:02 com_github_MitjaNemec_PlaceFootprints.place_footprints 156:Footprint C3 on root level
07-31 00:01:02 com_github_MitjaNemec_PlaceFootprints.place_footprints 156:Footprint C2 on root level
07-31 00:01:02 com_github_MitjaNemec_PlaceFootprints.place_footprints 156:Footprint C1 on root level
07-31 00:01:02 com_github_MitjaNemec_PlaceFootprints.place_footprints 156:Footprint AUDIO1 on root level
07-31 00:01:02 com_github_MitjaNemec_PlaceFootprints.action_place_footprints 717:Reference footprint='D1'
07-31 00:01:04 com_github_MitjaNemec_PlaceFootprints.action_place_footprints 858:Reference designator is: D
07-31 00:01:04 com_github_MitjaNemec_PlaceFootprints.action_place_footprints 859:Reference number is: 1
07-31 00:01:04 com_github_MitjaNemec_PlaceFootprints.action_place_footprints 891:Sorted and filtered list:
['D1', 'D2', 'D3', 'D4', 'D5', 'D6', 'D7', 'D8', 'D9', 'D10', 'D11', 'D12', 'D13', 'D14', 'D15', 'D16', 'D17', 'D18', 'D19', 'D20', 'D21', 'D22', 'D23', 'D24', 'D25', 'D26', 'D27', 'D28', 'D29', 'D30', 'D31', 'D32', 'D33', 'D34', 'D35', 'D36', 'D37', 'D38', 'D39', 'D40', 'D41', 'D42', 'D43', 'D44', 'D45', 'D46', 'D47', 'D48', 'D49', 'D50', 'D51', 'D52', 'D53', 'D54', 'D55', 'D56']
07-31 00:01:04 com_github_MitjaNemec_PlaceFootprints.action_place_footprints 376:wx.Colour(240, 240, 240, 255)
07-31 00:01:16 com_github_MitjaNemec_PlaceFootprints.action_place_footprints 507:'30'
07-31 00:01:16 com_github_MitjaNemec_PlaceFootprints.action_place_footprints 566:Preparing config for reference matrix
07-31 00:01:16 com_github_MitjaNemec_PlaceFootprints.action_place_footprints 573:Saving config file
07-31 00:01:16 com_github_MitjaNemec_PlaceFootprints.action_place_footprints 575:Saved the config file
07-31 00:01:16 com_github_MitjaNemec_PlaceFootprints.action_place_footprints 929:Footprints to place:
['D1', 'D2', 'D3', 'D4', 'D5', 'D6', 'D7', 'D8', 'D9', 'D10', 'D11', 'D12', 'D13', 'D14', 'D15', 'D16', 'D17', 'D18', 'D19', 'D20', 'D21', 'D22', 'D23', 'D24', 'D25', 'D26', 'D27', 'D28', 'D29', 'D30', 'D31', 'D32', 'D33', 'D34', 'D35', 'D36', 'D37', 'D38', 'D39', 'D40', 'D41', 'D42', 'D43', 'D44', 'D45', 'D46', 'D47', 'D48']
07-31 00:01:16 com_github_MitjaNemec_PlaceFootprints.place_footprints 427:Starting placing with matrix layout
07-31 00:01:16 com_github_MitjaNemec_PlaceFootprints.action_place_footprints 999:Placing complete
